<?xml version="1.0" encoding="UTF-8"?>
<testsuite name="UnitTest" tests="1" skipped="0" failures="0" errors="0" timestamp="2016-02-12T17:20:29" hostname="Chriss-MacBook-Pro.local" time="0.002">
  <properties/>
  <testcase name="vowelReplace_oneLetterVowelOutputsOneDash_dash" classname="UnitTest" time="0.002"/>
  <system-out><![CDATA[]]></system-out>
  <system-err><![CDATA[]]></system-err>
</testsuite>
